c:\users\rauli\source\repos\juego4\x64\debug\vc142.pdb
c:\users\rauli\source\repos\juego4\x64\debug\vc142.idb
c:\users\rauli\source\repos\juego4\x64\debug\platmoviles.obj
c:\users\rauli\source\repos\juego4\x64\debug\pared.obj
c:\users\rauli\source\repos\juego4\x64\debug\objetomovil.obj
c:\users\rauli\source\repos\juego4\x64\debug\mundo.obj
c:\users\rauli\source\repos\juego4\x64\debug\listaplataformas.obj
c:\users\rauli\source\repos\juego4\x64\debug\juego.obj
c:\users\rauli\source\repos\juego4\x64\debug\interaccion.obj
c:\users\rauli\source\repos\juego4\x64\debug\hombre.obj
c:\users\rauli\source\repos\juego4\x64\debug\coordinador.obj
c:\users\rauli\source\repos\juego4\x64\debug\enemigo.obj
c:\users\rauli\source\repos\juego4\x64\debug\vector2d.obj
c:\users\markv\source\repos\juegocomputatis\bin\juegocomputatis.lib
c:\users\markv\source\repos\juegocomputatis\bin\juegocomputatis.exp
c:\users\rauli\source\repos\juego4\bin\juegocomputatis.exe
c:\users\rauli\source\repos\juego4\bin\juegocomputatis.ilk
c:\users\rauli\source\repos\juego4\bin\juegocomputatis.pdb
c:\users\rauli\source\repos\juego4\x64\debug\juegocomputatis.ilk
c:\users\rauli\source\repos\juego4\x64\debug\juegocomputatis.pdb
c:\users\rauli\source\repos\juego4\x64\debug\juegocomputatis.tlog\cl.command.1.tlog
c:\users\rauli\source\repos\juego4\x64\debug\juegocomputatis.tlog\cl.read.1.tlog
c:\users\rauli\source\repos\juego4\x64\debug\juegocomputatis.tlog\cl.write.1.tlog
c:\users\rauli\source\repos\juego4\x64\debug\juegocomputatis.tlog\juegocomputatis.write.1u.tlog
c:\users\rauli\source\repos\juego4\x64\debug\juegocomputatis.tlog\link.command.1.tlog
c:\users\rauli\source\repos\juego4\x64\debug\juegocomputatis.tlog\link.read.1.tlog
c:\users\rauli\source\repos\juego4\x64\debug\juegocomputatis.tlog\link.write.1.tlog
